<?xml version="1.0" encoding="UTF-8"?>
<!-- Generated by org.testng.reporters.JUnitReportReporter -->
<testsuite hostname="Divya" failures="0" tests="1" name="Divyalearning.tests.StandAlonetest" time="14.397" errors="0" timestamp="2025-03-14T12:05:41 IST" skipped="0">
  <testcase classname="Divyalearning.tests.StandAlonetest" name="submitOrder" time="14.397"/>
  <system-out/>
</testsuite> <!-- Divyalearning.tests.StandAlonetest -->
